# JRE version: OpenJDK Runtime Environment (17.0.6) (build 17.0.6+0-b2043.56-10027231)
# Java VM: OpenJDK 64-Bit Server VM (17.0.6+0-b2043.56-10027231, mixed mode, tiered, compressed oops, compressed class ptrs, g1 gc, windows-amd64)
GC Precious Log:
 CPUs: 8 total, 8 available
 Memory: 6091M
 Large Page Support: Disabled
 NUMA Support: Disabled
 Compressed Oops: Enabled (32-bit)
 Heap Region Size: 1M
 Heap Min Capacity: 8M
 Heap Initial Capacity: 96M
 Heap Max Capacity: 1524M
 Pre-touch: Disabled
 Parallel Workers: 8
 Concurrent Workers: 2
 Concurrent Refinement Workers: 8
 Periodic GC: Disabled
Heap:
 garbage-first heap   total 188416K, used 114427K [0x00000000a0c00000, 0x0000000100000000)
  region size 1024K, 2 young (2048K), 2 survivors (2048K)
 Metaspace       used 85651K, committed 85952K, reserved 1130496K
  class space    used 9410K, committed 9600K, reserved 1048576K
GC Heap History (20 events):
Event: 9.961 GC heap after
{Heap after GC invocations=21 (full 0):
 garbage-first heap   total 188416K, used 60759K [0x00000000a0c00000, 0x0000000100000000)
  region size 1024K, 7 young (7168K), 7 survivors (7168K)
 Metaspace       used 60231K, committed 60480K, reserved 1105920K
  class space    used 6975K, committed 7104K, reserved 1048576K
}
Event: 13.047 GC heap before
{Heap before GC invocations=22 (full 0):
 garbage-first heap   total 188416K, used 146775K [0x00000000a0c00000, 0x0000000100000000)
  region size 1024K, 90 young (92160K), 7 survivors (7168K)
 Metaspace       used 66298K, committed 66560K, reserved 1114112K
  class space    used 7669K, committed 7808K, reserved 1048576K
}
Event: 13.069 GC heap after
{Heap after GC invocations=23 (full 0):
 garbage-first heap   total 188416K, used 70169K [0x00000000a0c00000, 0x0000000100000000)
  region size 1024K, 12 young (12288K), 12 survivors (12288K)
 Metaspace       used 66298K, committed 66560K, reserved 1114112K
  class space    used 7669K, committed 7808K, reserved 1048576K
}
Event: 13.117 GC heap before
{Heap before GC invocations=23 (full 0):
 garbage-first heap   total 188416K, used 71193K [0x00000000a0c00000, 0x0000000100000000)
  region size 1024K, 13 young (13312K), 12 survivors (12288K)
 Metaspace       used 66305K, committed 66560K, reserved 1114112K
  class space    used 7669K, committed 7808K, reserved 1048576K
}
Event: 13.132 GC heap after
{Heap after GC invocations=24 (full 0):
 garbage-first heap   total 188416K, used 71949K [0x00000000a0c00000, 0x0000000100000000)
  region size 1024K, 2 young (2048K), 2 survivors (2048K)
 Metaspace       used 66305K, committed 66560K, reserved 1114112K
  class space    used 7669K, committed 7808K, reserved 1048576K
}
Event: 16.048 GC heap before
{Heap before GC invocations=24 (full 0):
 garbage-first heap   total 188416K, used 144653K [0x00000000a0c00000, 0x0000000100000000)
  region size 1024K, 71 young (72704K), 2 survivors (2048K)
 Metaspace       used 67402K, committed 67776K, reserved 1114112K
  class space    used 7708K, committed 7872K, reserved 1048576K
}
Event: 16.061 GC heap after
{Heap after GC invocations=25 (full 0):
 garbage-first heap   total 188416K, used 79513K [0x00000000a0c00000, 0x0000000100000000)
  region size 1024K, 8 young (8192K), 8 survivors (8192K)
 Metaspace       used 67402K, committed 67776K, reserved 1114112K
  class space    used 7708K, committed 7872K, reserved 1048576K
}
Event: 18.751 GC heap before
{Heap before GC invocations=25 (full 0):
 garbage-first heap   total 188416K, used 146073K [0x00000000a0c00000, 0x0000000100000000)
  region size 1024K, 73 young (74752K), 8 survivors (8192K)
 Metaspace       used 67823K, committed 68160K, reserved 1114112K
  class space    used 7710K, committed 7872K, reserved 1048576K
}
Event: 18.769 GC heap after
{Heap after GC invocations=26 (full 0):
 garbage-first heap   total 188416K, used 84899K [0x00000000a0c00000, 0x0000000100000000)
  region size 1024K, 6 young (6144K), 6 survivors (6144K)
 Metaspace       used 67823K, committed 68160K, reserved 1114112K
  class space    used 7710K, committed 7872K, reserved 1048576K
}
Event: 20.426 GC heap before
{Heap before GC invocations=26 (full 0):
 garbage-first heap   total 188416K, used 149411K [0x00000000a0c00000, 0x0000000100000000)
  region size 1024K, 69 young (70656K), 6 survivors (6144K)
 Metaspace       used 73253K, committed 73536K, reserved 1114112K
  class space    used 8239K, committed 8384K, reserved 1048576K
}
Event: 20.437 GC heap after
{Heap after GC invocations=27 (full 0):
 garbage-first heap   total 188416K, used 88448K [0x00000000a0c00000, 0x0000000100000000)
  region size 1024K, 4 young (4096K), 4 survivors (4096K)
 Metaspace       used 73253K, committed 73536K, reserved 1114112K
  class space    used 8239K, committed 8384K, reserved 1048576K
}
Event: 21.634 GC heap before
{Heap before GC invocations=27 (full 0):
 garbage-first heap   total 188416K, used 152960K [0x00000000a0c00000, 0x0000000100000000)
  region size 1024K, 67 young (68608K), 4 survivors (4096K)
 Metaspace       used 75093K, committed 75456K, reserved 1122304K
  class space    used 8384K, committed 8576K, reserved 1048576K
}
Event: 21.655 GC heap after
{Heap after GC invocations=28 (full 0):
 garbage-first heap   total 188416K, used 98264K [0x00000000a0c00000, 0x0000000100000000)
  region size 1024K, 9 young (9216K), 9 survivors (9216K)
 Metaspace       used 75093K, committed 75456K, reserved 1122304K
  class space    used 8384K, committed 8576K, reserved 1048576K
}
Event: 22.565 GC heap before
{Heap before GC invocations=28 (full 0):
 garbage-first heap   total 188416K, used 151512K [0x00000000a0c00000, 0x0000000100000000)
  region size 1024K, 61 young (62464K), 9 survivors (9216K)
 Metaspace       used 78455K, committed 78784K, reserved 1122304K
  class space    used 8735K, committed 8896K, reserved 1048576K
}
Event: 22.584 GC heap after
{Heap after GC invocations=29 (full 0):
 garbage-first heap   total 188416K, used 106699K [0x00000000a0c00000, 0x0000000100000000)
  region size 1024K, 8 young (8192K), 8 survivors (8192K)
 Metaspace       used 78455K, committed 78784K, reserved 1122304K
  class space    used 8735K, committed 8896K, reserved 1048576K
}
Event: 23.397 GC heap before
{Heap before GC invocations=29 (full 0):
 garbage-first heap   total 188416K, used 151755K [0x00000000a0c00000, 0x0000000100000000)
  region size 1024K, 52 young (53248K), 8 survivors (8192K)
 Metaspace       used 84011K, committed 84288K, reserved 1130496K
  class space    used 9324K, committed 9472K, reserved 1048576K
}
Event: 23.414 GC heap after
{Heap after GC invocations=30 (full 0):
 garbage-first heap   total 188416K, used 112781K [0x00000000a0c00000, 0x0000000100000000)
  region size 1024K, 6 young (6144K), 6 survivors (6144K)
 Metaspace       used 84011K, committed 84288K, reserved 1130496K
  class space    used 9324K, committed 9472K, reserved 1048576K
}
Event: 23.956 GC heap before
{Heap before GC invocations=30 (full 0):
 garbage-first heap   total 188416K, used 152717K [0x00000000a0c00000, 0x0000000100000000)
  region size 1024K, 45 young (46080K), 6 survivors (6144K)
 Metaspace       used 85251K, committed 85504K, reserved 1130496K
  class space    used 9401K, committed 9536K, reserved 1048576K
}
Event: 23.967 GC heap after
{Heap after GC invocations=31 (full 0):
 garbage-first heap   total 188416K, used 113984K [0x00000000a0c00000, 0x0000000100000000)
  region size 1024K, 2 young (2048K), 2 survivors (2048K)
 Metaspace       used 85251K, committed 85504K, reserved 1130496K
  class space    used 9401K, committed 9536K, reserved 1048576K
}
Event: 24.318 GC heap before
{Heap before GC invocations=31 (full 0):
 garbage-first heap   total 188416K, used 154944K [0x00000000a0c00000, 0x0000000100000000)
  region size 1024K, 42 young (43008K), 2 survivors (2048K)
 Metaspace       used 85651K, committed 85952K, reserved 1130496K
  class space    used 9410K, committed 9600K, reserved 1048576K
}

