# JRE version: OpenJDK Runtime Environment (17.0.6) (build 17.0.6+0-b2043.56-10027231)
# Java VM: OpenJDK 64-Bit Server VM (17.0.6+0-b2043.56-10027231, mixed mode, tiered, compressed oops, compressed class ptrs, g1 gc, windows-amd64)
GC Precious Log:
 CPUs: 8 total, 8 available
 Memory: 6091M
 Large Page Support: Disabled
 NUMA Support: Disabled
 Compressed Oops: Enabled (32-bit)
 Heap Region Size: 1M
 Heap Min Capacity: 8M
 Heap Initial Capacity: 96M
 Heap Max Capacity: 1524M
 Pre-touch: Disabled
 Parallel Workers: 8
 Concurrent Workers: 2
 Concurrent Refinement Workers: 8
 Periodic GC: Disabled
Heap:
 garbage-first heap   total 55296K, used 32477K [0x00000000a0c00000, 0x0000000100000000)
  region size 1024K, 12 young (12288K), 2 survivors (2048K)
 Metaspace       used 43944K, committed 44224K, reserved 1089536K
  class space    used 5319K, committed 5440K, reserved 1048576K
GC Heap History (18 events):
Event: 1.241 GC heap before
{Heap before GC invocations=0 (full 0):
 garbage-first heap   total 98304K, used 27648K [0x00000000a0c00000, 0x0000000100000000)
  region size 1024K, 23 young (23552K), 0 survivors (0K)
 Metaspace       used 13260K, committed 13376K, reserved 1064960K
  class space    used 1279K, committed 1344K, reserved 1048576K
}
Event: 1.249 GC heap after
{Heap after GC invocations=1 (full 0):
 garbage-first heap   total 98304K, used 6771K [0x00000000a0c00000, 0x0000000100000000)
  region size 1024K, 3 young (3072K), 3 survivors (3072K)
 Metaspace       used 13260K, committed 13376K, reserved 1064960K
  class space    used 1279K, committed 1344K, reserved 1048576K
}
Event: 2.762 GC heap before
{Heap before GC invocations=1 (full 0):
 garbage-first heap   total 98304K, used 39539K [0x00000000a0c00000, 0x0000000100000000)
  region size 1024K, 36 young (36864K), 3 survivors (3072K)
 Metaspace       used 21338K, committed 21504K, reserved 1073152K
  class space    used 2324K, committed 2432K, reserved 1048576K
}
Event: 2.785 GC heap after
{Heap after GC invocations=2 (full 0):
 garbage-first heap   total 98304K, used 10323K [0x00000000a0c00000, 0x0000000100000000)
  region size 1024K, 4 young (4096K), 4 survivors (4096K)
 Metaspace       used 21338K, committed 21504K, reserved 1073152K
  class space    used 2324K, committed 2432K, reserved 1048576K
}
Event: 3.807 GC heap before
{Heap before GC invocations=3 (full 0):
 garbage-first heap   total 40960K, used 30803K [0x00000000a0c00000, 0x0000000100000000)
  region size 1024K, 24 young (24576K), 4 survivors (4096K)
 Metaspace       used 28008K, committed 28224K, reserved 1081344K
  class space    used 3444K, committed 3520K, reserved 1048576K
}
Event: 3.824 GC heap after
{Heap after GC invocations=4 (full 0):
 garbage-first heap   total 40960K, used 11503K [0x00000000a0c00000, 0x0000000100000000)
  region size 1024K, 2 young (2048K), 2 survivors (2048K)
 Metaspace       used 28008K, committed 28224K, reserved 1081344K
  class space    used 3444K, committed 3520K, reserved 1048576K
}
Event: 3.898 GC heap before
{Heap before GC invocations=4 (full 0):
 garbage-first heap   total 40960K, used 12527K [0x00000000a0c00000, 0x0000000100000000)
  region size 1024K, 3 young (3072K), 2 survivors (2048K)
 Metaspace       used 28350K, committed 28544K, reserved 1081344K
  class space    used 3512K, committed 3584K, reserved 1048576K
}
Event: 3.904 GC heap after
{Heap after GC invocations=5 (full 0):
 garbage-first heap   total 40960K, used 11567K [0x00000000a0c00000, 0x0000000100000000)
  region size 1024K, 1 young (1024K), 1 survivors (1024K)
 Metaspace       used 28350K, committed 28544K, reserved 1081344K
  class space    used 3512K, committed 3584K, reserved 1048576K
}
Event: 4.746 GC heap before
{Heap before GC invocations=5 (full 0):
 garbage-first heap   total 40960K, used 33071K [0x00000000a0c00000, 0x0000000100000000)
  region size 1024K, 20 young (20480K), 1 survivors (1024K)
 Metaspace       used 29069K, committed 29312K, reserved 1081344K
  class space    used 3551K, committed 3648K, reserved 1048576K
}
Event: 4.766 GC heap after
{Heap after GC invocations=6 (full 0):
 garbage-first heap   total 40960K, used 18607K [0x00000000a0c00000, 0x0000000100000000)
  region size 1024K, 3 young (3072K), 3 survivors (3072K)
 Metaspace       used 29069K, committed 29312K, reserved 1081344K
  class space    used 3551K, committed 3648K, reserved 1048576K
}
Event: 5.303 GC heap before
{Heap before GC invocations=6 (full 0):
 garbage-first heap   total 40960K, used 29871K [0x00000000a0c00000, 0x0000000100000000)
  region size 1024K, 14 young (14336K), 3 survivors (3072K)
 Metaspace       used 31430K, committed 31616K, reserved 1081344K
  class space    used 4034K, committed 4096K, reserved 1048576K
}
Event: 5.316 GC heap after
{Heap after GC invocations=7 (full 0):
 garbage-first heap   total 40960K, used 20492K [0x00000000a0c00000, 0x0000000100000000)
  region size 1024K, 2 young (2048K), 2 survivors (2048K)
 Metaspace       used 31430K, committed 31616K, reserved 1081344K
  class space    used 4034K, committed 4096K, reserved 1048576K
}
Event: 6.014 GC heap before
{Heap before GC invocations=7 (full 0):
 garbage-first heap   total 40960K, used 30732K [0x00000000a0c00000, 0x0000000100000000)
  region size 1024K, 12 young (12288K), 2 survivors (2048K)
 Metaspace       used 34067K, committed 34304K, reserved 1081344K
  class space    used 4320K, committed 4416K, reserved 1048576K
}
Event: 6.024 GC heap after
{Heap after GC invocations=8 (full 0):
 garbage-first heap   total 55296K, used 22116K [0x00000000a0c00000, 0x0000000100000000)
  region size 1024K, 2 young (2048K), 2 survivors (2048K)
 Metaspace       used 34067K, committed 34304K, reserved 1081344K
  class space    used 4320K, committed 4416K, reserved 1048576K
}
Event: 7.021 GC heap before
{Heap before GC invocations=9 (full 0):
 garbage-first heap   total 55296K, used 39524K [0x00000000a0c00000, 0x0000000100000000)
  region size 1024K, 19 young (19456K), 2 survivors (2048K)
 Metaspace       used 37098K, committed 37312K, reserved 1081344K
  class space    used 4651K, committed 4800K, reserved 1048576K
}
Event: 7.033 GC heap after
{Heap after GC invocations=10 (full 0):
 garbage-first heap   total 55296K, used 21771K [0x00000000a0c00000, 0x0000000100000000)
  region size 1024K, 3 young (3072K), 3 survivors (3072K)
 Metaspace       used 37098K, committed 37312K, reserved 1081344K
  class space    used 4651K, committed 4800K, reserved 1048576K
}
Event: 7.704 GC heap before
{Heap before GC invocations=10 (full 0):
 garbage-first heap   total 55296K, used 40203K [0x00000000a0c00000, 0x0000000100000000)
  region size 1024K, 21 young (21504K), 3 survivors (3072K)
 Metaspace       used 40867K, committed 41152K, reserved 1089536K
  class space    used 4981K, committed 5120K, reserved 1048576K
}
Event: 7.717 GC heap after
{Heap after GC invocations=11 (full 0):
 garbage-first heap   total 55296K, used 23261K [0x00000000a0c00000, 0x0000000100000000)
  region size 1024K, 2 young (2048K), 2 survivors (2048K)
 Metaspace       used 40867K, committed 41152K, reserved 1089536K
  class space    used 4981K, committed 5120K, reserved 1048576K
}

